[debug] [2024-11-07T23:52:07.689Z] ----------------------------------------------------------------------
[debug] [2024-11-07T23:52:07.690Z] Command:       /opt/homebrew/Cellar/node/22.4.0/bin/node /opt/homebrew/bin/firebase deploy --only functions
[debug] [2024-11-07T23:52:07.690Z] CLI Version:   13.24.2
[debug] [2024-11-07T23:52:07.690Z] Platform:      darwin
[debug] [2024-11-07T23:52:07.690Z] Node Version:  v22.4.0
[debug] [2024-11-07T23:52:07.691Z] Time:          Fri Nov 08 2024 10:52:07 GMT+1100 (Australian Eastern Daylight Time)
[debug] [2024-11-07T23:52:07.691Z] ----------------------------------------------------------------------
[debug] 
[debug] [2024-11-07T23:52:07.725Z] > command requires scopes: ["email","openid","https://www.googleapis.com/auth/cloudplatformprojects.readonly","https://www.googleapis.com/auth/firebase","https://www.googleapis.com/auth/cloud-platform"]
[debug] [2024-11-07T23:52:07.725Z] > authorizing via signed-in user (dallasgale.digital@gmail.com)
[debug] [2024-11-07T23:52:07.725Z] [iam] checking project kayo-5a0fd for permissions ["cloudfunctions.functions.create","cloudfunctions.functions.delete","cloudfunctions.functions.get","cloudfunctions.functions.list","cloudfunctions.functions.update","cloudfunctions.operations.get","firebase.projects.get"]
[debug] [2024-11-07T23:52:07.726Z] Checked if tokens are valid: true, expires at: 1731026480922
[debug] [2024-11-07T23:52:07.726Z] Checked if tokens are valid: true, expires at: 1731026480922
[debug] [2024-11-07T23:52:07.726Z] >>> [apiv2][query] POST https://cloudresourcemanager.googleapis.com/v1/projects/kayo-5a0fd:testIamPermissions [none]
[debug] [2024-11-07T23:52:07.726Z] >>> [apiv2][(partial)header] POST https://cloudresourcemanager.googleapis.com/v1/projects/kayo-5a0fd:testIamPermissions x-goog-quota-user=projects/kayo-5a0fd
[debug] [2024-11-07T23:52:07.726Z] >>> [apiv2][body] POST https://cloudresourcemanager.googleapis.com/v1/projects/kayo-5a0fd:testIamPermissions {"permissions":["cloudfunctions.functions.create","cloudfunctions.functions.delete","cloudfunctions.functions.get","cloudfunctions.functions.list","cloudfunctions.functions.update","cloudfunctions.operations.get","firebase.projects.get"]}
[debug] [2024-11-07T23:52:09.057Z] <<< [apiv2][status] POST https://cloudresourcemanager.googleapis.com/v1/projects/kayo-5a0fd:testIamPermissions 200
[debug] [2024-11-07T23:52:09.057Z] <<< [apiv2][body] POST https://cloudresourcemanager.googleapis.com/v1/projects/kayo-5a0fd:testIamPermissions {"permissions":["cloudfunctions.functions.create","cloudfunctions.functions.delete","cloudfunctions.functions.get","cloudfunctions.functions.list","cloudfunctions.functions.update","cloudfunctions.operations.get","firebase.projects.get"]}
[debug] [2024-11-07T23:52:09.057Z] Checked if tokens are valid: true, expires at: 1731026480922
[debug] [2024-11-07T23:52:09.057Z] Checked if tokens are valid: true, expires at: 1731026480922
[debug] [2024-11-07T23:52:09.057Z] >>> [apiv2][query] POST https://iam.googleapis.com/v1/projects/kayo-5a0fd/serviceAccounts/kayo-5a0fd@appspot.gserviceaccount.com:testIamPermissions [none]
[debug] [2024-11-07T23:52:09.057Z] >>> [apiv2][body] POST https://iam.googleapis.com/v1/projects/kayo-5a0fd/serviceAccounts/kayo-5a0fd@appspot.gserviceaccount.com:testIamPermissions {"permissions":["iam.serviceAccounts.actAs"]}
